Compiling the CXX compiler identification source file "CMakeCXXCompilerId.cpp" failed.
Compiler: /home/dr/program/game/2024vldbss-storege/deps/3rd/usr/local/oceanbase/devtools/bin/clang++ 
Build flags: --gcc-toolchain=/home/dr/program/game/2024vldbss-storege/deps/3rd/usr/local/oceanbase/devtools;-fdebug-prefix-map=/home/dr/program/game/2024vldbss-storege=.;;;-fcolor-diagnostics;-ffunction-sections;-fdebug-info-for-profiling;-fmax-type-align=8;;-std=gnu++11
Id flags:  

The output was:
127
/home/dr/program/game/2024vldbss-storege/deps/3rd/usr/local/oceanbase/devtools/bin/clang++: error while loading shared libraries: libtinfo.so.5: cannot open shared object file: No such file or directory


Compiling the CXX compiler identification source file "CMakeCXXCompilerId.cpp" failed.
Compiler: /home/dr/program/game/2024vldbss-storege/deps/3rd/usr/local/oceanbase/devtools/bin/clang++ 
Build flags: --gcc-toolchain=/home/dr/program/game/2024vldbss-storege/deps/3rd/usr/local/oceanbase/devtools;-fdebug-prefix-map=/home/dr/program/game/2024vldbss-storege=.;;;-fcolor-diagnostics;-ffunction-sections;-fdebug-info-for-profiling;-fmax-type-align=8;;-std=gnu++11
Id flags: -c 

The output was:
127
/home/dr/program/game/2024vldbss-storege/deps/3rd/usr/local/oceanbase/devtools/bin/clang++: error while loading shared libraries: libtinfo.so.5: cannot open shared object file: No such file or directory


Compiling the CXX compiler identification source file "CMakeCXXCompilerId.cpp" failed.
Compiler: /home/dr/program/game/2024vldbss-storege/deps/3rd/usr/local/oceanbase/devtools/bin/clang++ 
Build flags: --gcc-toolchain=/home/dr/program/game/2024vldbss-storege/deps/3rd/usr/local/oceanbase/devtools;-fdebug-prefix-map=/home/dr/program/game/2024vldbss-storege=.;;;-fcolor-diagnostics;-ffunction-sections;-fdebug-info-for-profiling;-fmax-type-align=8;;-std=gnu++11
Id flags: --c++ 

The output was:
127
/home/dr/program/game/2024vldbss-storege/deps/3rd/usr/local/oceanbase/devtools/bin/clang++: error while loading shared libraries: libtinfo.so.5: cannot open shared object file: No such file or directory


Compiling the CXX compiler identification source file "CMakeCXXCompilerId.cpp" failed.
Compiler: /home/dr/program/game/2024vldbss-storege/deps/3rd/usr/local/oceanbase/devtools/bin/clang++ 
Build flags: --gcc-toolchain=/home/dr/program/game/2024vldbss-storege/deps/3rd/usr/local/oceanbase/devtools;-fdebug-prefix-map=/home/dr/program/game/2024vldbss-storege=.;;;-fcolor-diagnostics;-ffunction-sections;-fdebug-info-for-profiling;-fmax-type-align=8;;-std=gnu++11
Id flags: --ec++ 

The output was:
127
/home/dr/program/game/2024vldbss-storege/deps/3rd/usr/local/oceanbase/devtools/bin/clang++: error while loading shared libraries: libtinfo.so.5: cannot open shared object file: No such file or directory


Compiling the CXX compiler identification source file "CMakeCXXCompilerId.cpp" failed.
Compiler: /home/dr/program/game/2024vldbss-storege/deps/3rd/usr/local/oceanbase/devtools/bin/clang++ 
Build flags: --gcc-toolchain=/home/dr/program/game/2024vldbss-storege/deps/3rd/usr/local/oceanbase/devtools;-fdebug-prefix-map=/home/dr/program/game/2024vldbss-storege=.;;;-fcolor-diagnostics;-ffunction-sections;-fdebug-info-for-profiling;-fmax-type-align=8;;-std=gnu++11
Id flags: --target=arm-arm-none-eabi;-mcpu=cortex-m3 

The output was:
127
/home/dr/program/game/2024vldbss-storege/deps/3rd/usr/local/oceanbase/devtools/bin/clang++: error while loading shared libraries: libtinfo.so.5: cannot open shared object file: No such file or directory


Compiling the CXX compiler identification source file "CMakeCXXCompilerId.cpp" failed.
Compiler: /home/dr/program/game/2024vldbss-storege/deps/3rd/usr/local/oceanbase/devtools/bin/clang++ 
Build flags: --gcc-toolchain=/home/dr/program/game/2024vldbss-storege/deps/3rd/usr/local/oceanbase/devtools;-fdebug-prefix-map=/home/dr/program/game/2024vldbss-storege=.;;;-fcolor-diagnostics;-ffunction-sections;-fdebug-info-for-profiling;-fmax-type-align=8;;-std=gnu++11
Id flags: -c;-I__does_not_exist__ 

The output was:
127
/home/dr/program/game/2024vldbss-storege/deps/3rd/usr/local/oceanbase/devtools/bin/clang++: error while loading shared libraries: libtinfo.so.5: cannot open shared object file: No such file or directory


Compiling the CXX compiler identification source file "CMakeCXXCompilerId.cpp" failed.
Compiler: /home/dr/program/game/2024vldbss-storege/deps/3rd/usr/local/oceanbase/devtools/bin/clang++ 
Build flags: 
Id flags:  

The output was:
127
/home/dr/program/game/2024vldbss-storege/deps/3rd/usr/local/oceanbase/devtools/bin/clang++: error while loading shared libraries: libtinfo.so.5: cannot open shared object file: No such file or directory


Compiling the CXX compiler identification source file "CMakeCXXCompilerId.cpp" failed.
Compiler: /home/dr/program/game/2024vldbss-storege/deps/3rd/usr/local/oceanbase/devtools/bin/clang++ 
Build flags: 
Id flags: -c 

The output was:
127
/home/dr/program/game/2024vldbss-storege/deps/3rd/usr/local/oceanbase/devtools/bin/clang++: error while loading shared libraries: libtinfo.so.5: cannot open shared object file: No such file or directory


Compiling the CXX compiler identification source file "CMakeCXXCompilerId.cpp" failed.
Compiler: /home/dr/program/game/2024vldbss-storege/deps/3rd/usr/local/oceanbase/devtools/bin/clang++ 
Build flags: 
Id flags: --c++ 

The output was:
127
/home/dr/program/game/2024vldbss-storege/deps/3rd/usr/local/oceanbase/devtools/bin/clang++: error while loading shared libraries: libtinfo.so.5: cannot open shared object file: No such file or directory


Compiling the CXX compiler identification source file "CMakeCXXCompilerId.cpp" failed.
Compiler: /home/dr/program/game/2024vldbss-storege/deps/3rd/usr/local/oceanbase/devtools/bin/clang++ 
Build flags: 
Id flags: --ec++ 

The output was:
127
/home/dr/program/game/2024vldbss-storege/deps/3rd/usr/local/oceanbase/devtools/bin/clang++: error while loading shared libraries: libtinfo.so.5: cannot open shared object file: No such file or directory


Compiling the CXX compiler identification source file "CMakeCXXCompilerId.cpp" failed.
Compiler: /home/dr/program/game/2024vldbss-storege/deps/3rd/usr/local/oceanbase/devtools/bin/clang++ 
Build flags: 
Id flags: --target=arm-arm-none-eabi;-mcpu=cortex-m3 

The output was:
127
/home/dr/program/game/2024vldbss-storege/deps/3rd/usr/local/oceanbase/devtools/bin/clang++: error while loading shared libraries: libtinfo.so.5: cannot open shared object file: No such file or directory


Compiling the CXX compiler identification source file "CMakeCXXCompilerId.cpp" failed.
Compiler: /home/dr/program/game/2024vldbss-storege/deps/3rd/usr/local/oceanbase/devtools/bin/clang++ 
Build flags: 
Id flags: -c;-I__does_not_exist__ 

The output was:
127
/home/dr/program/game/2024vldbss-storege/deps/3rd/usr/local/oceanbase/devtools/bin/clang++: error while loading shared libraries: libtinfo.so.5: cannot open shared object file: No such file or directory


Checking whether the CXX compiler is IAR using "" did not match "IAR .+ Compiler":
/home/dr/program/game/2024vldbss-storege/deps/3rd/usr/local/oceanbase/devtools/bin/clang++: error while loading shared libraries: libtinfo.so.5: cannot open shared object file: No such file or directory
Checking whether the CXX compiler is IAR using "" did not match "IAR .+ Compiler":
/home/dr/program/game/2024vldbss-storege/deps/3rd/usr/local/oceanbase/devtools/bin/clang++: error while loading shared libraries: libtinfo.so.5: cannot open shared object file: No such file or directory
Compiling the C compiler identification source file "CMakeCCompilerId.c" failed.
Compiler: /home/dr/program/game/2024vldbss-storege/deps/3rd/usr/local/oceanbase/devtools/bin/clang 
Build flags: --gcc-toolchain=/home/dr/program/game/2024vldbss-storege/deps/3rd/usr/local/oceanbase/devtools;-fdebug-prefix-map=/home/dr/program/game/2024vldbss-storege=.;;;-fcolor-diagnostics;-ffunction-sections;-fdebug-info-for-profiling;-fmax-type-align=8;
Id flags:  

The output was:
127
/home/dr/program/game/2024vldbss-storege/deps/3rd/usr/local/oceanbase/devtools/bin/clang: error while loading shared libraries: libtinfo.so.5: cannot open shared object file: No such file or directory


Compiling the C compiler identification source file "CMakeCCompilerId.c" failed.
Compiler: /home/dr/program/game/2024vldbss-storege/deps/3rd/usr/local/oceanbase/devtools/bin/clang 
Build flags: --gcc-toolchain=/home/dr/program/game/2024vldbss-storege/deps/3rd/usr/local/oceanbase/devtools;-fdebug-prefix-map=/home/dr/program/game/2024vldbss-storege=.;;;-fcolor-diagnostics;-ffunction-sections;-fdebug-info-for-profiling;-fmax-type-align=8;
Id flags: -c 

The output was:
127
/home/dr/program/game/2024vldbss-storege/deps/3rd/usr/local/oceanbase/devtools/bin/clang: error while loading shared libraries: libtinfo.so.5: cannot open shared object file: No such file or directory


Compiling the C compiler identification source file "CMakeCCompilerId.c" failed.
Compiler: /home/dr/program/game/2024vldbss-storege/deps/3rd/usr/local/oceanbase/devtools/bin/clang 
Build flags: --gcc-toolchain=/home/dr/program/game/2024vldbss-storege/deps/3rd/usr/local/oceanbase/devtools;-fdebug-prefix-map=/home/dr/program/game/2024vldbss-storege=.;;;-fcolor-diagnostics;-ffunction-sections;-fdebug-info-for-profiling;-fmax-type-align=8;
Id flags: -Aa 

The output was:
127
/home/dr/program/game/2024vldbss-storege/deps/3rd/usr/local/oceanbase/devtools/bin/clang: error while loading shared libraries: libtinfo.so.5: cannot open shared object file: No such file or directory


Compiling the C compiler identification source file "CMakeCCompilerId.c" failed.
Compiler: /home/dr/program/game/2024vldbss-storege/deps/3rd/usr/local/oceanbase/devtools/bin/clang 
Build flags: --gcc-toolchain=/home/dr/program/game/2024vldbss-storege/deps/3rd/usr/local/oceanbase/devtools;-fdebug-prefix-map=/home/dr/program/game/2024vldbss-storege=.;;;-fcolor-diagnostics;-ffunction-sections;-fdebug-info-for-profiling;-fmax-type-align=8;
Id flags: -D__CLASSIC_C__ 

The output was:
127
/home/dr/program/game/2024vldbss-storege/deps/3rd/usr/local/oceanbase/devtools/bin/clang: error while loading shared libraries: libtinfo.so.5: cannot open shared object file: No such file or directory


Compiling the C compiler identification source file "CMakeCCompilerId.c" failed.
Compiler: /home/dr/program/game/2024vldbss-storege/deps/3rd/usr/local/oceanbase/devtools/bin/clang 
Build flags: --gcc-toolchain=/home/dr/program/game/2024vldbss-storege/deps/3rd/usr/local/oceanbase/devtools;-fdebug-prefix-map=/home/dr/program/game/2024vldbss-storege=.;;;-fcolor-diagnostics;-ffunction-sections;-fdebug-info-for-profiling;-fmax-type-align=8;
Id flags: --target=arm-arm-none-eabi;-mcpu=cortex-m3 

The output was:
127
/home/dr/program/game/2024vldbss-storege/deps/3rd/usr/local/oceanbase/devtools/bin/clang: error while loading shared libraries: libtinfo.so.5: cannot open shared object file: No such file or directory


Compiling the C compiler identification source file "CMakeCCompilerId.c" failed.
Compiler: /home/dr/program/game/2024vldbss-storege/deps/3rd/usr/local/oceanbase/devtools/bin/clang 
Build flags: --gcc-toolchain=/home/dr/program/game/2024vldbss-storege/deps/3rd/usr/local/oceanbase/devtools;-fdebug-prefix-map=/home/dr/program/game/2024vldbss-storege=.;;;-fcolor-diagnostics;-ffunction-sections;-fdebug-info-for-profiling;-fmax-type-align=8;
Id flags: -c;-I__does_not_exist__ 

The output was:
127
/home/dr/program/game/2024vldbss-storege/deps/3rd/usr/local/oceanbase/devtools/bin/clang: error while loading shared libraries: libtinfo.so.5: cannot open shared object file: No such file or directory


Compiling the C compiler identification source file "CMakeCCompilerId.c" failed.
Compiler: /home/dr/program/game/2024vldbss-storege/deps/3rd/usr/local/oceanbase/devtools/bin/clang 
Build flags: 
Id flags:  

The output was:
127
/home/dr/program/game/2024vldbss-storege/deps/3rd/usr/local/oceanbase/devtools/bin/clang: error while loading shared libraries: libtinfo.so.5: cannot open shared object file: No such file or directory


Compiling the C compiler identification source file "CMakeCCompilerId.c" failed.
Compiler: /home/dr/program/game/2024vldbss-storege/deps/3rd/usr/local/oceanbase/devtools/bin/clang 
Build flags: 
Id flags: -c 

The output was:
127
/home/dr/program/game/2024vldbss-storege/deps/3rd/usr/local/oceanbase/devtools/bin/clang: error while loading shared libraries: libtinfo.so.5: cannot open shared object file: No such file or directory


Compiling the C compiler identification source file "CMakeCCompilerId.c" failed.
Compiler: /home/dr/program/game/2024vldbss-storege/deps/3rd/usr/local/oceanbase/devtools/bin/clang 
Build flags: 
Id flags: -Aa 

The output was:
127
/home/dr/program/game/2024vldbss-storege/deps/3rd/usr/local/oceanbase/devtools/bin/clang: error while loading shared libraries: libtinfo.so.5: cannot open shared object file: No such file or directory


Compiling the C compiler identification source file "CMakeCCompilerId.c" failed.
Compiler: /home/dr/program/game/2024vldbss-storege/deps/3rd/usr/local/oceanbase/devtools/bin/clang 
Build flags: 
Id flags: -D__CLASSIC_C__ 

The output was:
127
/home/dr/program/game/2024vldbss-storege/deps/3rd/usr/local/oceanbase/devtools/bin/clang: error while loading shared libraries: libtinfo.so.5: cannot open shared object file: No such file or directory


Compiling the C compiler identification source file "CMakeCCompilerId.c" failed.
Compiler: /home/dr/program/game/2024vldbss-storege/deps/3rd/usr/local/oceanbase/devtools/bin/clang 
Build flags: 
Id flags: --target=arm-arm-none-eabi;-mcpu=cortex-m3 

The output was:
127
/home/dr/program/game/2024vldbss-storege/deps/3rd/usr/local/oceanbase/devtools/bin/clang: error while loading shared libraries: libtinfo.so.5: cannot open shared object file: No such file or directory


Compiling the C compiler identification source file "CMakeCCompilerId.c" failed.
Compiler: /home/dr/program/game/2024vldbss-storege/deps/3rd/usr/local/oceanbase/devtools/bin/clang 
Build flags: 
Id flags: -c;-I__does_not_exist__ 

The output was:
127
/home/dr/program/game/2024vldbss-storege/deps/3rd/usr/local/oceanbase/devtools/bin/clang: error while loading shared libraries: libtinfo.so.5: cannot open shared object file: No such file or directory


Checking whether the C compiler is IAR using "" did not match "IAR .+ Compiler":
/home/dr/program/game/2024vldbss-storege/deps/3rd/usr/local/oceanbase/devtools/bin/clang: error while loading shared libraries: libtinfo.so.5: cannot open shared object file: No such file or directory
Checking whether the C compiler is IAR using "" did not match "IAR .+ Compiler":
/home/dr/program/game/2024vldbss-storege/deps/3rd/usr/local/oceanbase/devtools/bin/clang: error while loading shared libraries: libtinfo.so.5: cannot open shared object file: No such file or directory
Checking whether the ASM compiler is GNU using "--version" did not match "(GNU assembler)|(GCC)|(Free Software Foundation)":
/home/dr/program/game/2024vldbss-storege/deps/3rd/usr/local/oceanbase/devtools/bin/clang: error while loading shared libraries: libtinfo.so.5: cannot open shared object file: No such file or directory
Checking whether the ASM compiler is Clang using "--version" did not match "(clang version)":
/home/dr/program/game/2024vldbss-storege/deps/3rd/usr/local/oceanbase/devtools/bin/clang: error while loading shared libraries: libtinfo.so.5: cannot open shared object file: No such file or directory
Checking whether the ASM compiler is AppleClang using "--version" did not match "(Apple LLVM version)":
/home/dr/program/game/2024vldbss-storege/deps/3rd/usr/local/oceanbase/devtools/bin/clang: error while loading shared libraries: libtinfo.so.5: cannot open shared object file: No such file or directory
Checking whether the ASM compiler is ARMClang using "--version" did not match "armclang":
/home/dr/program/game/2024vldbss-storege/deps/3rd/usr/local/oceanbase/devtools/bin/clang: error while loading shared libraries: libtinfo.so.5: cannot open shared object file: No such file or directory
Checking whether the ASM compiler is HP using "-V" did not match "HP C":
/home/dr/program/game/2024vldbss-storege/deps/3rd/usr/local/oceanbase/devtools/bin/clang: error while loading shared libraries: libtinfo.so.5: cannot open shared object file: No such file or directory
Checking whether the ASM compiler is Intel using "--version" did not match "(ICC)":
/home/dr/program/game/2024vldbss-storege/deps/3rd/usr/local/oceanbase/devtools/bin/clang: error while loading shared libraries: libtinfo.so.5: cannot open shared object file: No such file or directory
Checking whether the ASM compiler is IntelLLVM using "--version" did not match "(Intel[^
]+oneAPI)":
/home/dr/program/game/2024vldbss-storege/deps/3rd/usr/local/oceanbase/devtools/bin/clang: error while loading shared libraries: libtinfo.so.5: cannot open shared object file: No such file or directory
Checking whether the ASM compiler is SunPro using "-V" did not match "Sun C":
/home/dr/program/game/2024vldbss-storege/deps/3rd/usr/local/oceanbase/devtools/bin/clang: error while loading shared libraries: libtinfo.so.5: cannot open shared object file: No such file or directory
Checking whether the ASM compiler is XL using "-qversion" did not match "XL C":
/home/dr/program/game/2024vldbss-storege/deps/3rd/usr/local/oceanbase/devtools/bin/clang: error while loading shared libraries: libtinfo.so.5: cannot open shared object file: No such file or directory
Checking whether the ASM compiler is MSVC using "-?" did not match "Microsoft":
/home/dr/program/game/2024vldbss-storege/deps/3rd/usr/local/oceanbase/devtools/bin/clang: error while loading shared libraries: libtinfo.so.5: cannot open shared object file: No such file or directory
Checking whether the ASM compiler is TI using "-h" did not match "Texas Instruments":
/home/dr/program/game/2024vldbss-storege/deps/3rd/usr/local/oceanbase/devtools/bin/clang: error while loading shared libraries: libtinfo.so.5: cannot open shared object file: No such file or directory
Checking whether the ASM compiler is IAR using "" did not match "IAR Assembler":
/home/dr/program/game/2024vldbss-storege/deps/3rd/usr/local/oceanbase/devtools/bin/clang: error while loading shared libraries: libtinfo.so.5: cannot open shared object file: No such file or directory
Checking whether the ASM compiler is ARMCC using "" did not match "(ARM Compiler)|(ARM Assembler)":
/home/dr/program/game/2024vldbss-storege/deps/3rd/usr/local/oceanbase/devtools/bin/clang: error while loading shared libraries: libtinfo.so.5: cannot open shared object file: No such file or directory
Checking whether the ASM compiler is NASM using "-v" did not match "(NASM version)":
/home/dr/program/game/2024vldbss-storege/deps/3rd/usr/local/oceanbase/devtools/bin/clang: error while loading shared libraries: libtinfo.so.5: cannot open shared object file: No such file or directory
Checking whether the ASM compiler is YASM using "--version" did not match "(yasm)":
/home/dr/program/game/2024vldbss-storege/deps/3rd/usr/local/oceanbase/devtools/bin/clang: error while loading shared libraries: libtinfo.so.5: cannot open shared object file: No such file or directory
Checking whether the ASM compiler is ADSP using "-version" did not match "Analog Devices":
/home/dr/program/game/2024vldbss-storege/deps/3rd/usr/local/oceanbase/devtools/bin/clang: error while loading shared libraries: libtinfo.so.5: cannot open shared object file: No such file or directory
Checking whether the ASM compiler is QCC using "-V" did not match "gcc_nto":
/home/dr/program/game/2024vldbss-storege/deps/3rd/usr/local/oceanbase/devtools/bin/clang: error while loading shared libraries: libtinfo.so.5: cannot open shared object file: No such file or directory
Detecting CXX compiler ABI info failed to compile with the following output:
Change Dir: /home/dr/program/game/2024vldbss-storege/build_debug/CMakeFiles/CMakeTmp

Run Build Command(s):/usr/bin/make -f Makefile cmTC_61a78/fast && /usr/bin/make  -f CMakeFiles/cmTC_61a78.dir/build.make CMakeFiles/cmTC_61a78.dir/build
make[1]: Entering directory '/home/dr/program/game/2024vldbss-storege/build_debug/CMakeFiles/CMakeTmp'
Building CXX object CMakeFiles/cmTC_61a78.dir/CMakeCXXCompilerABI.cpp.o
/home/dr/program/game/2024vldbss-storege/deps/3rd/usr/local/oceanbase/devtools/bin/clang++   --gcc-toolchain=/home/dr/program/game/2024vldbss-storege/deps/3rd/usr/local/oceanbase/devtools -fdebug-prefix-map=/home/dr/program/game/2024vldbss-storege=.   -fcolor-diagnostics -ffunction-sections -fdebug-info-for-profiling -fmax-type-align=8  -std=gnu++11  -o CMakeFiles/cmTC_61a78.dir/CMakeCXXCompilerABI.cpp.o -c /home/dr/program/game/2024vldbss-storege/deps/3rd/usr/local/oceanbase/devtools/share/cmake-3.22/Modules/CMakeCXXCompilerABI.cpp
/home/dr/program/game/2024vldbss-storege/deps/3rd/usr/local/oceanbase/devtools/bin/clang++: error while loading shared libraries: libtinfo.so.5: cannot open shared object file: No such file or directory
make[1]: *** [CMakeFiles/cmTC_61a78.dir/build.make:78: CMakeFiles/cmTC_61a78.dir/CMakeCXXCompilerABI.cpp.o] Error 127
make[1]: Leaving directory '/home/dr/program/game/2024vldbss-storege/build_debug/CMakeFiles/CMakeTmp'
make: *** [Makefile:127: cmTC_61a78/fast] Error 2




Determining if the CXX compiler works failed with the following output:
Change Dir: /home/dr/program/game/2024vldbss-storege/build_debug/CMakeFiles/CMakeTmp

Run Build Command(s):/usr/bin/make -f Makefile cmTC_44517/fast && /usr/bin/make  -f CMakeFiles/cmTC_44517.dir/build.make CMakeFiles/cmTC_44517.dir/build
make[1]: 进入目录“/home/dr/program/game/2024vldbss-storege/build_debug/CMakeFiles/CMakeTmp”
Building CXX object CMakeFiles/cmTC_44517.dir/testCXXCompiler.cxx.o
/home/dr/program/game/2024vldbss-storege/deps/3rd/usr/local/oceanbase/devtools/bin/clang++   --gcc-toolchain=/home/dr/program/game/2024vldbss-storege/deps/3rd/usr/local/oceanbase/devtools -fdebug-prefix-map=/home/dr/program/game/2024vldbss-storege=.   -fcolor-diagnostics -ffunction-sections -fdebug-info-for-profiling -fmax-type-align=8  -std=gnu++11  -o CMakeFiles/cmTC_44517.dir/testCXXCompiler.cxx.o -c /home/dr/program/game/2024vldbss-storege/build_debug/CMakeFiles/CMakeTmp/testCXXCompiler.cxx
/home/dr/program/game/2024vldbss-storege/deps/3rd/usr/local/oceanbase/devtools/bin/clang++: error while loading shared libraries: libtinfo.so.5: cannot open shared object file: No such file or directory
make[1]: *** [CMakeFiles/cmTC_44517.dir/build.make:78：CMakeFiles/cmTC_44517.dir/testCXXCompiler.cxx.o] 错误 127
make[1]: 离开目录“/home/dr/program/game/2024vldbss-storege/build_debug/CMakeFiles/CMakeTmp”
make: *** [Makefile:127：cmTC_44517/fast] 错误 2



